# JRE version: OpenJDK Runtime Environment Temurin-11.0.21+9 (11.0.21+9) (build 11.0.21+9)
# Java VM: OpenJDK 64-Bit Server VM Temurin-11.0.21+9 (11.0.21+9, mixed mode, tiered, compressed oops, g1 gc, bsd-amd64)
Heap:
 garbage-first heap   total 262144K, used 73356K [0x0000000700000000, 0x0000000800000000)
  region size 1024K, 60 young (61440K), 7 survivors (7168K)
 Metaspace       used 45628K, capacity 46971K, committed 47280K, reserved 1091584K
  class space    used 5486K, capacity 6038K, committed 6144K, reserved 1048576K
GC Heap History (10 events):
Event: 0.664 GC heap before
{Heap before GC invocations=0 (full 0):
 garbage-first heap   total 262144K, used 23552K [0x0000000700000000, 0x0000000800000000)
  region size 1024K, 24 young (24576K), 0 survivors (0K)
 Metaspace       used 14045K, capacity 14316K, committed 14464K, reserved 1062912K
  class space    used 1542K, capacity 1643K, committed 1664K, reserved 1048576K
}
Event: 0.668 GC heap after
{Heap after GC invocations=1 (full 0):
 garbage-first heap   total 262144K, used 4389K [0x0000000700000000, 0x0000000800000000)
  region size 1024K, 3 young (3072K), 3 survivors (3072K)
 Metaspace       used 14045K, capacity 14316K, committed 14464K, reserved 1062912K
  class space    used 1542K, capacity 1643K, committed 1664K, reserved 1048576K
}
Event: 1.220 GC heap before
{Heap before GC invocations=1 (full 0):
 garbage-first heap   total 262144K, used 35109K [0x0000000700000000, 0x0000000800000000)
  region size 1024K, 34 young (34816K), 3 survivors (3072K)
 Metaspace       used 20675K, capacity 21235K, committed 21296K, reserved 1069056K
  class space    used 2423K, capacity 2688K, committed 2688K, reserved 1048576K
}
Event: 1.228 GC heap after
{Heap after GC invocations=2 (full 0):
 garbage-first heap   total 262144K, used 7191K [0x0000000700000000, 0x0000000800000000)
  region size 1024K, 6 young (6144K), 6 survivors (6144K)
 Metaspace       used 20675K, capacity 21235K, committed 21296K, reserved 1069056K
  class space    used 2423K, capacity 2688K, committed 2688K, reserved 1048576K
}
Event: 1.591 GC heap before
{Heap before GC invocations=3 (full 0):
 garbage-first heap   total 262144K, used 36887K [0x0000000700000000, 0x0000000800000000)
  region size 1024K, 36 young (36864K), 6 survivors (6144K)
 Metaspace       used 27619K, capacity 28491K, committed 28720K, reserved 1075200K
  class space    used 3276K, capacity 3629K, committed 3712K, reserved 1048576K
}
Event: 1.598 GC heap after
{Heap after GC invocations=4 (full 0):
 garbage-first heap   total 262144K, used 8974K [0x0000000700000000, 0x0000000800000000)
  region size 1024K, 3 young (3072K), 3 survivors (3072K)
 Metaspace       used 27619K, capacity 28491K, committed 28720K, reserved 1075200K
  class space    used 3276K, capacity 3629K, committed 3712K, reserved 1048576K
}
Event: 1.820 GC heap before
{Heap before GC invocations=4 (full 0):
 garbage-first heap   total 262144K, used 66318K [0x0000000700000000, 0x0000000800000000)
  region size 1024K, 59 young (60416K), 3 survivors (3072K)
 Metaspace       used 28014K, capacity 28941K, committed 29232K, reserved 1075200K
  class space    used 3320K, capacity 3671K, committed 3712K, reserved 1048576K
}
Event: 1.824 GC heap after
{Heap after GC invocations=5 (full 0):
 garbage-first heap   total 262144K, used 10671K [0x0000000700000000, 0x0000000800000000)
  region size 1024K, 4 young (4096K), 4 survivors (4096K)
 Metaspace       used 28014K, capacity 28941K, committed 29232K, reserved 1075200K
  class space    used 3320K, capacity 3671K, committed 3712K, reserved 1048576K
}
Event: 2.631 GC heap before
{Heap before GC invocations=5 (full 0):
 garbage-first heap   total 262144K, used 108975K [0x0000000700000000, 0x0000000800000000)
  region size 1024K, 101 young (103424K), 4 survivors (4096K)
 Metaspace       used 34291K, capacity 35421K, committed 35632K, reserved 1081344K
  class space    used 4129K, capacity 4613K, committed 4736K, reserved 1048576K
}
Event: 2.641 GC heap after
{Heap after GC invocations=6 (full 0):
 garbage-first heap   total 262144K, used 13964K [0x0000000700000000, 0x0000000800000000)
  region size 1024K, 7 young (7168K), 7 survivors (7168K)
 Metaspace       used 34291K, capacity 35421K, committed 35632K, reserved 1081344K
  class space    used 4129K, capacity 4613K, committed 4736K, reserved 1048576K
}

